[debug] [2020-05-13T02:09:12.541Z] ----------------------------------------------------------------------
[debug] [2020-05-13T02:09:12.545Z] Command:       C:\Program Files\nodejs\node.exe C:\Users\zhahi\AppData\Roaming\npm\node_modules\firebase-tools\lib\bin\firebase.js init
[debug] [2020-05-13T02:09:12.545Z] CLI Version:   8.2.0
[debug] [2020-05-13T02:09:12.545Z] Platform:      win32
[debug] [2020-05-13T02:09:12.545Z] Node Version:  v12.16.1
[debug] [2020-05-13T02:09:12.547Z] Time:          Wed May 13 2020 09:09:12 GMT+0700 (Western Indonesia Time)
[debug] [2020-05-13T02:09:12.547Z] ----------------------------------------------------------------------
[debug] [2020-05-13T02:09:12.547Z] 
[debug] [2020-05-13T02:09:12.557Z] > command requires scopes: ["email","openid","https://www.googleapis.com/auth/cloudplatformprojects.readonly","https://www.googleapis.com/auth/firebase","https://www.googleapis.com/auth/cloud-platform"]
[debug] [2020-05-13T02:09:12.559Z] > authorizing via signed-in user
[info] 
     ######## #### ########  ######## ########     ###     ######  ########
     ##        ##  ##     ## ##       ##     ##  ##   ##  ##       ##
     ######    ##  ########  ######   ########  #########  ######  ######
     ##        ##  ##    ##  ##       ##     ## ##     ##       ## ##
     ##       #### ##     ## ######## ########  ##     ##  ######  ########

You're about to initialize a Firebase project in this directory:

  E:\to-do-notes

Before we get started, keep in mind:

  * You are initializing in an existing Firebase project directory

